app/build/outputs/logs/manifest-merger-release-report.txt
-- Merging decision tree log ---
manifest
ADDED from src\main\AndroidManifest.xml:2:1-109:12
	xmlns:android
		ADDED from src\main\AndroidManifest.xml:2:11-69
	package
		ADDED from src\main\AndroidManifest.xml:3:8-37
		INJECTED from src\main\AndroidManifest.xml
		INJECTED from src\main\AndroidManifest.xml
	android:versionName
		INJECTED from src\main\AndroidManifest.xml
		INJECTED from src\main\AndroidManifest.xml
	android:versionCode
		INJECTED from src\main\AndroidManifest.xml
		INJECTED from src\main\AndroidManifest.xml
uses-permission#android.permission.ACCESS_NETWORK_STATE
ADDED from src\main\AndroidManifest.xml:4:5-79
	android:name
		ADDED from src\main\AndroidManifest.xml:4:23-77
uses-permission#android.permission.WAKE_LOCK
ADDED from src\main\AndroidManifest.xml:5:5-84
	android:name
		ADDED from src\main\AndroidManifest.xml:5:22-65
uses-feature#android.hardware.sensor.geo
ADDED from src\main\AndroidManifest.xml:6:5-64
	android:name
		ADDED from src\main\AndroidManifest.xml:6:19-61
uses-permission#android.permission.INTERNET
ADDED from src\main\AndroidManifest.xml:7:5-67
	android:name
		ADDED from src\main\AndroidManifest.xml:7:22-64
uses-permission#android.permission.READ_PHONE_STATE
ADDED from src\main\AndroidManifest.xml:8:5-75
	android:name
		ADDED from src\main\AndroidManifest.xml:8:22-72
application
ADDED from src\main\AndroidManifest.xml:12:5-107:19
MERGED from [com.android.support:appcompat-v7:23.1.0] AndroidManifest.xml:22:5-20
MERGED from [com.android.support:support-v4:23.1.0] AndroidManifest.xml:22:5-20
MERGED from [com.android.support:design:23.1.0] AndroidManifest.xml:22:5-20
MERGED from [com.android.support:appcompat-v7:23.1.0] AndroidManifest.xml:22:5-20
MERGED from [com.android.support:support-v4:23.1.0] AndroidManifest.xml:22:5-20
MERGED from [com.android.support:support-v4:23.1.0] AndroidManifest.xml:22:5-20
MERGED from [com.android.support:support-v4:23.1.0] AndroidManifest.xml:22:5-20
	android:supportsRtl
		ADDED from src\main\AndroidManifest.xml:16:9-35
	android:label
		ADDED from src\main\AndroidManifest.xml:14:9-41
	android:allowBackup
		ADDED from src\main\AndroidManifest.xml:13:9-35
	android:icon
		ADDED from src\main\AndroidManifest.xml:15:9-43
	android:theme
		ADDED from src\main\AndroidManifest.xml:17:9-40
activity#com.maxicanwave.org.LoginActivity
ADDED from src\main\AndroidManifest.xml:19:9-27:16
	android:label
		ADDED from src\main\AndroidManifest.xml:21:9-41
	android:theme
		ADDED from src\main\AndroidManifest.xml:22:9-52
	android:name
		ADDED from src\main\AndroidManifest.xml:20:9-57
intent-filter#android.intent.action.MAIN+android.intent.category.LAUNCHER
ADDED from src\main\AndroidManifest.xml:23:9-26:25
action#android.intent.action.MAIN
ADDED from src\main\AndroidManifest.xml:24:13-65
	android:name
		ADDED from src\main\AndroidManifest.xml:24:21-62
category#android.intent.category.LAUNCHER
ADDED from src\main\AndroidManifest.xml:25:13-73
	android:name
		ADDED from src\main\AndroidManifest.xml:25:23-70
activity#com.maxicanwave.org.RegisterActivity
ADDED from src\main\AndroidManifest.xml:29:9-36:20
	android:label
		ADDED from src\main\AndroidManifest.xml:31:13-45
	android:theme
		ADDED from src\main\AndroidManifest.xml:32:13-56
	android:name
		ADDED from src\main\AndroidManifest.xml:30:13-64
intent-filter#android.intent.category.DEFAULT
ADDED from src\main\AndroidManifest.xml:33:13-35:29
category#android.intent.category.DEFAULT
ADDED from src\main\AndroidManifest.xml:34:17-76
	android:name
		ADDED from src\main\AndroidManifest.xml:34:27-73
activity#com.maxicanwave.org.HomeActivity
ADDED from src\main\AndroidManifest.xml:39:9-46:20
	android:label
		ADDED from src\main\AndroidManifest.xml:41:13-45
	android:theme
		ADDED from src\main\AndroidManifest.xml:42:13-56
	android:name
		ADDED from src\main\AndroidManifest.xml:40:13-60
activity#com.maxicanwave.org.CreateGroupActivity
ADDED from src\main\AndroidManifest.xml:48:9-55:20
	android:label
		ADDED from src\main\AndroidManifest.xml:50:13-45
	android:theme
		ADDED from src\main\AndroidManifest.xml:51:13-56
	android:name
		ADDED from src\main\AndroidManifest.xml:49:13-67
activity#com.maxicanwave.org.ListSummaryGroup
ADDED from src\main\AndroidManifest.xml:60:9-69:20
	android:label
		ADDED from src\main\AndroidManifest.xml:62:13-45
	android:theme
		ADDED from src\main\AndroidManifest.xml:63:13-44
	android:name
		ADDED from src\main\AndroidManifest.xml:61:13-64
intent-filter#android.intent.action.MAIN+android.intent.category.DEFAULT
ADDED from src\main\AndroidManifest.xml:64:13-68:29
activity#com.maxicanwave.org.JoinGroupActivity
ADDED from src\main\AndroidManifest.xml:75:9-82:20
	android:label
		ADDED from src\main\AndroidManifest.xml:77:13-45
	android:theme
		ADDED from src\main\AndroidManifest.xml:78:13-56
	android:name
		ADDED from src\main\AndroidManifest.xml:76:13-65
intent-filter#android.intent.category.LAUNCHER
ADDED from src\main\AndroidManifest.xml:79:13-81:29
activity#com.maxicanwave.org.SummaryActivity
ADDED from src\main\AndroidManifest.xml:83:9-90:20
	android:label
		ADDED from src\main\AndroidManifest.xml:85:13-45
	android:theme
		ADDED from src\main\AndroidManifest.xml:86:13-56
	android:name
		ADDED from src\main\AndroidManifest.xml:84:13-63
activity#com.maxicanwave.org.TimerActivity
ADDED from src\main\AndroidManifest.xml:91:9-98:20
	android:label
		ADDED from src\main\AndroidManifest.xml:93:13-45
	android:theme
		ADDED from src\main\AndroidManifest.xml:94:13-56
	android:name
		ADDED from src\main\AndroidManifest.xml:92:13-61
activity#com.maxicanwave.org.TaskActivity
ADDED from src\main\AndroidManifest.xml:100:9-106:20
	android:label
		ADDED from src\main\AndroidManifest.xml:101:13-41
	android:theme
		ADDED from src\main\AndroidManifest.xml:102:13-56
	android:name
		ADDED from src\main\AndroidManifest.xml:100:19-66
uses-sdk
INJECTED from src\main\AndroidManifest.xml reason: use-sdk injection requested
MERGED from [com.android.support:appcompat-v7:23.1.0] AndroidManifest.xml:20:5-43
MERGED from [com.android.support:support-v4:23.1.0] AndroidManifest.xml:20:5-43
MERGED from [com.android.support:design:23.1.0] AndroidManifest.xml:20:5-43
MERGED from [com.android.support:appcompat-v7:23.1.0] AndroidManifest.xml:20:5-43
MERGED from [com.android.support:support-v4:23.1.0] AndroidManifest.xml:20:5-43
MERGED from [com.android.support:recyclerview-v7:23.1.0] AndroidManifest.xml:20:5-43
MERGED from [com.android.support:support-v4:23.1.0] AndroidManifest.xml:20:5-43
MERGED from [com.android.support:support-v4:23.1.0] AndroidManifest.xml:20:5-43
	android:targetSdkVersion
		INJECTED from src\main\AndroidManifest.xml
		INJECTED from src\main\AndroidManifest.xml
	android:minSdkVersion
		INJECTED from src\main\AndroidManifest.xml
		INJECTED from src\main\AndroidManifest.xml